2025-12-08 19:52:04,349 [INFO] JurassicReactor: Reactive Stream Initialized.
2025-12-08 19:52:06,462 [INFO] JurassicReactor: Processing Batch of 1 events...
2025-12-08 19:52:08,408 [INFO] JurassicReactor: Processing Batch of 4 events...
2025-12-08 19:52:10,407 [INFO] JurassicReactor: Processing Batch of 4 events...
2025-12-08 19:52:12,444 [INFO] JurassicReactor: Processing Batch of 4 events...
2025-12-08 19:52:14,402 [INFO] JurassicReactor: Processing Batch of 4 events...
2025-12-08 19:52:16,452 [INFO] JurassicReactor: Processing Batch of 3 events...
2025-12-08 19:52:18,413 [INFO] JurassicReactor: Processing Batch of 3 events...
2025-12-08 19:52:20,448 [INFO] JurassicReactor: Processing Batch of 5 events...
2025-12-08 19:52:22,514 [INFO] JurassicReactor: Processing Batch of 3 events...
2025-12-08 19:52:24,464 [INFO] JurassicReactor: Processing Batch of 3 events...
2025-12-08 19:52:26,495 [INFO] JurassicReactor: Processing Batch of 4 events...
2025-12-08 19:52:28,570 [INFO] JurassicReactor: Processing Batch of 5 events...
2025-12-08 19:52:30,539 [INFO] JurassicReactor: Processing Batch of 3 events...
2025-12-08 19:52:32,481 [INFO] JurassicReactor: Processing Batch of 4 events...
2025-12-08 19:52:34,555 [INFO] JurassicReactor: Processing Batch of 3 events...
2025-12-08 19:52:36,504 [INFO] JurassicReactor: Processing Batch of 4 events...
2025-12-08 19:52:38,611 [INFO] JurassicReactor: Processing Batch of 3 events...
2025-12-08 19:52:40,611 [INFO] JurassicReactor: Processing Batch of 4 events...
2025-12-08 19:52:42,580 [INFO] JurassicReactor: Processing Batch of 4 events...
2025-12-08 19:52:44,534 [INFO] JurassicReactor: Processing Batch of 3 events...
2025-12-08 19:52:46,580 [INFO] JurassicReactor: Processing Batch of 5 events...
2025-12-08 19:52:48,642 [INFO] JurassicReactor: Processing Batch of 3 events...
2025-12-08 19:52:50,595 [INFO] JurassicReactor: Processing Batch of 3 events...
2025-12-08 19:52:52,644 [INFO] JurassicReactor: Processing Batch of 5 events...
2025-12-08 19:52:54,613 [INFO] JurassicReactor: Processing Batch of 3 events...
2025-12-08 19:52:56,579 [INFO] JurassicReactor: Processing Batch of 4 events...
2025-12-08 19:52:56,580 [CRITICAL] JurassicReactor: 🚨 ALERTA [AlertSeverity.CRITICAL]: Dino Blue (Velociraptor) is stressed! BPM: 198 (Base: 110)
2025-12-08 19:52:58,692 [INFO] JurassicReactor: Processing Batch of 4 events...
2025-12-08 19:53:00,643 [INFO] JurassicReactor: Processing Batch of 2 events...
2025-12-08 19:53:02,613 [INFO] JurassicReactor: Processing Batch of 5 events...
2025-12-08 19:53:04,663 [INFO] JurassicReactor: Processing Batch of 4 events...
2025-12-08 19:53:06,723 [INFO] JurassicReactor: Processing Batch of 2 events...
2025-12-08 19:53:08,712 [INFO] JurassicReactor: Processing Batch of 5 events...
2025-12-08 19:53:10,756 [INFO] JurassicReactor: Processing Batch of 3 events...
2025-12-08 19:53:12,675 [INFO] JurassicReactor: Processing Batch of 3 events...
2025-12-08 19:53:14,758 [INFO] JurassicReactor: Processing Batch of 5 events...
2025-12-08 19:53:16,724 [INFO] JurassicReactor: Processing Batch of 3 events...
2025-12-08 19:53:18,785 [INFO] JurassicReactor: Processing Batch of 3 events...
2025-12-08 19:53:20,812 [INFO] JurassicReactor: Processing Batch of 4 events...
2025-12-08 19:53:22,745 [INFO] JurassicReactor: Processing Batch of 5 events...
2025-12-08 19:53:24,819 [INFO] JurassicReactor: Processing Batch of 2 events...
2025-12-08 19:53:26,777 [INFO] JurassicReactor: Processing Batch of 4 events...
2025-12-08 19:53:28,816 [INFO] JurassicReactor: Processing Batch of 4 events...
2025-12-08 19:53:30,760 [INFO] JurassicReactor: Processing Batch of 4 events...
2025-12-08 19:53:32,823 [INFO] JurassicReactor: Processing Batch of 4 events...
2025-12-08 19:53:34,877 [INFO] JurassicReactor: Processing Batch of 4 events...
2025-12-08 19:53:36,820 [INFO] JurassicReactor: Processing Batch of 3 events...
2025-12-08 19:53:38,866 [INFO] JurassicReactor: Processing Batch of 3 events...
2025-12-08 19:53:38,866 [CRITICAL] JurassicReactor: 🚨 ALERTA [AlertSeverity.HIGH]: Violent motion detected in T-Rex Paddock!
2025-12-08 19:53:40,818 [INFO] JurassicReactor: Processing Batch of 4 events...
2025-12-08 19:53:42,866 [INFO] JurassicReactor: Processing Batch of 3 events...
2025-12-08 19:53:44,826 [INFO] JurassicReactor: Processing Batch of 4 events...
2025-12-08 19:53:46,899 [INFO] JurassicReactor: Processing Batch of 5 events...
2025-12-08 19:53:48,846 [INFO] JurassicReactor: Processing Batch of 3 events...
2025-12-08 19:53:50,933 [INFO] JurassicReactor: Processing Batch of 4 events...
2025-12-08 19:53:52,877 [INFO] JurassicReactor: Processing Batch of 4 events...
2025-12-08 19:53:54,946 [INFO] JurassicReactor: Processing Batch of 3 events...
2025-12-08 19:53:56,905 [INFO] JurassicReactor: Processing Batch of 4 events...
2025-12-08 19:53:58,947 [INFO] JurassicReactor: Processing Batch of 4 events...
2025-12-08 19:54:00,900 [INFO] JurassicReactor: Processing Batch of 2 events...
2025-12-08 19:54:02,973 [INFO] JurassicReactor: Processing Batch of 5 events...
2025-12-08 19:54:05,014 [INFO] JurassicReactor: Processing Batch of 4 events...
2025-12-08 19:54:06,971 [INFO] JurassicReactor: Processing Batch of 2 events...
2025-12-08 19:54:09,004 [INFO] JurassicReactor: Processing Batch of 4 events...
2025-12-08 19:54:10,945 [INFO] JurassicReactor: Processing Batch of 5 events...
2025-12-08 19:54:10,945 [CRITICAL] JurassicReactor: 🚨 ALERTA [AlertSeverity.HIGH]: Violent motion detected in T-Rex Paddock!
2025-12-08 19:54:13,015 [INFO] JurassicReactor: Processing Batch of 2 events...
2025-12-08 19:54:14,998 [INFO] JurassicReactor: Processing Batch of 5 events...
2025-12-08 19:54:17,052 [INFO] JurassicReactor: Processing Batch of 4 events...
2025-12-08 19:54:19,008 [INFO] JurassicReactor: Processing Batch of 3 events...
2025-12-08 19:54:21,067 [INFO] JurassicReactor: Processing Batch of 4 events...
2025-12-08 19:54:23,010 [INFO] JurassicReactor: Processing Batch of 4 events...
2025-12-08 19:54:25,088 [INFO] JurassicReactor: Processing Batch of 3 events...
2025-12-08 19:54:27,053 [INFO] JurassicReactor: Processing Batch of 4 events...
2025-12-08 19:54:29,066 [INFO] JurassicReactor: Processing Batch of 3 events...
2025-12-08 19:54:31,024 [INFO] JurassicReactor: Processing Batch of 3 events...
2025-12-08 19:54:33,036 [INFO] JurassicReactor: Processing Batch of 4 events...
2025-12-08 19:54:35,086 [INFO] JurassicReactor: Processing Batch of 4 events...
2025-12-08 19:54:37,095 [INFO] JurassicReactor: Processing Batch of 4 events...
2025-12-08 19:54:39,103 [INFO] JurassicReactor: Processing Batch of 3 events...
2025-12-08 19:54:41,083 [INFO] JurassicReactor: Processing Batch of 4 events...
2025-12-08 19:54:43,094 [INFO] JurassicReactor: Processing Batch of 3 events...
2025-12-08 19:54:43,095 [CRITICAL] JurassicReactor: 🚨 ALERTA [AlertSeverity.MEDIUM]: Overheating in Raptor Pen. Current: 41.0C (Target: 26.0C)
2025-12-08 19:54:45,100 [INFO] JurassicReactor: Processing Batch of 4 events...
2025-12-08 19:54:45,100 [CRITICAL] JurassicReactor: 🚨 ALERTA [AlertSeverity.HIGH]: Violent motion detected in Lagoon!
2025-12-08 19:54:47,094 [INFO] JurassicReactor: Processing Batch of 4 events...
2025-12-08 19:54:49,095 [INFO] JurassicReactor: Processing Batch of 3 events...
2025-12-08 19:54:51,132 [INFO] JurassicReactor: Processing Batch of 4 events...
2025-12-08 19:54:53,176 [INFO] JurassicReactor: Processing Batch of 4 events...
